Namespace(no_train=False, train_batch_size=64, eval_batch_size=64, lr=0.0001, num_epochs=30, log_step=500, no_cuda=False, window_size=15, word_embedding_dim=300, position_embedding_dim=25, use_pretrained=False, use_postag=False, postag_embedding_dim=25, kernel_sizes=[2, 3, 4, 5], num_filters=150, dropout_rate=0.5)
Epoch 1|30:
Batch 1|4035: loss 3.9325 f1 0.00 precision 0.00 recall 0.00
Batch 501|4035: loss 0.0198 f1 0.00 precision 0.00 recall 0.00
Batch 1001|4035: loss 0.0347 f1 0.00 precision 0.00 recall 0.00
Batch 1501|4035: loss 0.1407 f1 0.00 precision 0.00 recall 0.00
Batch 2001|4035: loss 0.0167 f1 0.00 precision 0.00 recall 0.00
Batch 2501|4035: loss 0.0246 f1 0.00 precision 0.00 recall 0.00
Batch 3001|4035: loss 0.2703 f1 0.00 precision 0.00 recall 0.00
Batch 3501|4035: loss 0.2301 f1 0.00 precision 0.00 recall 0.00
Batch 4001|4035: loss 0.2027 f1 0.00 precision 0.00 recall 0.00
Batch 4035|4035: loss 0.2401 f1 0.00 precision 0.00 recall 0.00
Train: loss 0.1793 f1 1.92 precision 2.84 recall 1.60
Time: 3804.82
Dev: loss 0.1141 f1 9.13 precision 63.31 recall 4.92
Save model weight!

Epoch 2|30:
Batch 1|4035: loss 0.0911 f1 0.00 precision 0.00 recall 0.00
Batch 501|4035: loss 0.0380 f1 0.00 precision 0.00 recall 0.00
Batch 1001|4035: loss 0.1016 f1 0.00 precision 0.00 recall 0.00
Batch 1501|4035: loss 0.0944 f1 0.00 precision 0.00 recall 0.00
Batch 2001|4035: loss 0.1055 f1 66.67 precision 100.00 recall 50.00
Batch 2501|4035: loss 0.0416 f1 0.00 precision 0.00 recall 0.00
Batch 3001|4035: loss 0.0863 f1 0.00 precision 0.00 recall 0.00
Batch 3501|4035: loss 0.0823 f1 0.00 precision 0.00 recall 0.00
Batch 4001|4035: loss 0.0707 f1 80.00 precision 100.00 recall 66.67
Batch 4035|4035: loss 0.0305 f1 66.67 precision 100.00 recall 50.00
Train: loss 0.1040 f1 19.04 precision 26.12 recall 16.47
Time: 1668.63
Dev: loss 0.0840 f1 34.26 precision 62.21 recall 23.64
Save model weight!

Epoch 3|30:
Batch 1|4035: loss 0.1776 f1 0.00 precision 0.00 recall 0.00
Batch 501|4035: loss 0.0398 f1 66.67 precision 100.00 recall 50.00
Batch 1001|4035: loss 0.0810 f1 0.00 precision 0.00 recall 0.00
Batch 1501|4035: loss 0.0059 f1 0.00 precision 0.00 recall 0.00
Batch 2001|4035: loss 0.0609 f1 0.00 precision 0.00 recall 0.00
Batch 2501|4035: loss 0.0213 f1 0.00 precision 0.00 recall 0.00
Batch 3001|4035: loss 0.2035 f1 0.00 precision 0.00 recall 0.00
Batch 3501|4035: loss 0.0089 f1 0.00 precision 0.00 recall 0.00
Batch 4001|4035: loss 0.1258 f1 66.67 precision 100.00 recall 50.00
Batch 4035|4035: loss 0.0737 f1 80.00 precision 100.00 recall 66.67
Train: loss 0.0740 f1 32.53 precision 40.88 recall 29.64
Time: 1374.21
Dev: loss 0.0738 f1 43.84 precision 63.29 recall 33.54
Save model weight!

Epoch 4|30:
Batch 1|4035: loss 0.0331 f1 100.00 precision 100.00 recall 100.00
Batch 501|4035: loss 0.0678 f1 40.00 precision 100.00 recall 25.00
Batch 1001|4035: loss 0.0045 f1 0.00 precision 0.00 recall 0.00
Batch 1501|4035: loss 0.0654 f1 80.00 precision 100.00 recall 66.67
